<?xml version="1.0" encoding="UTF-8"?>
<testsuite xmlns:xsi="http://www.w3.org/2001/XMLSchema-instance" xsi:noNamespaceSchemaLocation="https://maven.apache.org/surefire/maven-surefire-plugin/xsd/surefire-test-report-3.0.xsd" version="3.0" name="at.cgsit.jeemicro.resource.ExampleResourceTest" time="14.214" tests="1" errors="0" skipped="0" failures="0">
  <properties>
    <property name="sun.desktop" value="windows"/>
    <property name="awt.toolkit" value="sun.awt.windows.WToolkit"/>
    <property name="java.specification.version" value="11"/>
    <property name="sun.cpu.isalist" value="amd64"/>
    <property name="sun.jnu.encoding" value="Cp1252"/>
    <property name="test.url" value="http://localhost:8081"/>
    <property name="java.class.path" value="D:\_training_2024_06\git\train_maven_24_06_part2_trainer\maven-training-restapi\target\test-classes;D:\_training_2024_06\git\train_maven_24_06_part2_trainer\maven-training-restapi\target\classes;D:\_training_2024_06\.m2\at\cgsit\training\maven-training-dtos\1.0-SNAPSHOT\maven-training-dtos-1.0-SNAPSHOT.jar;D:\_training_2024_06\.m2\io\quarkus\quarkus-arc\3.0.3.Final\quarkus-arc-3.0.3.Final.jar;D:\_training_2024_06\.m2\io\quarkus\arc\arc\3.0.3.Final\arc-3.0.3.Final.jar;D:\_training_2024_06\.m2\jakarta\enterprise\jakarta.enterprise.cdi-api\4.0.1\jakarta.enterprise.cdi-api-4.0.1.jar;D:\_training_2024_06\.m2\jakarta\enterprise\jakarta.enterprise.lang-model\4.0.1\jakarta.enterprise.lang-model-4.0.1.jar;D:\_training_2024_06\.m2\jakarta\el\jakarta.el-api\5.0.1\jakarta.el-api-5.0.1.jar;D:\_training_2024_06\.m2\jakarta\interceptor\jakarta.interceptor-api\2.1.0\jakarta.interceptor-api-2.1.0.jar;D:\_training_2024_06\.m2\jakarta\annotation\jakarta.annotation-api\2.1.1\jakarta.annotation-api-2.1.1.jar;D:\_training_2024_06\.m2\jakarta\transaction\jakarta.transaction-api\2.0.1\jakarta.transaction-api-2.0.1.jar;D:\_training_2024_06\.m2\io\smallrye\reactive\mutiny\2.1.0\mutiny-2.1.0.jar;D:\_training_2024_06\.m2\io\smallrye\common\smallrye-common-annotation\2.1.0\smallrye-common-annotation-2.1.0.jar;D:\_training_2024_06\.m2\org\jboss\logging\jboss-logging\3.5.0.Final\jboss-logging-3.5.0.Final.jar;D:\_training_2024_06\.m2\io\quarkus\quarkus-core\3.0.3.Final\quarkus-core-3.0.3.Final.jar;D:\_training_2024_06\.m2\jakarta\inject\jakarta.inject-api\2.0.1\jakarta.inject-api-2.0.1.jar;D:\_training_2024_06\.m2\io\smallrye\common\smallrye-common-os\2.1.0\smallrye-common-os-2.1.0.jar;D:\_training_2024_06\.m2\io\quarkus\quarkus-ide-launcher\3.0.3.Final\quarkus-ide-launcher-3.0.3.Final.jar;D:\_training_2024_06\.m2\io\quarkus\quarkus-development-mode-spi\3.0.3.Final\quarkus-development-mode-spi-3.0.3.Final.jar;D:\_training_2024_06\.m2\io\smallrye\config\smallrye-config\3.2.1\smallrye-config-3.2.1.jar;D:\_training_2024_06\.m2\io\smallrye\config\smallrye-config-core\3.2.1\smallrye-config-core-3.2.1.jar;D:\_training_2024_06\.m2\io\smallrye\common\smallrye-common-expression\2.1.0\smallrye-common-expression-2.1.0.jar;D:\_training_2024_06\.m2\io\smallrye\common\smallrye-common-function\2.1.0\smallrye-common-function-2.1.0.jar;D:\_training_2024_06\.m2\io\smallrye\common\smallrye-common-classloader\2.1.0\smallrye-common-classloader-2.1.0.jar;D:\_training_2024_06\.m2\io\smallrye\config\smallrye-config-common\3.2.1\smallrye-config-common-3.2.1.jar;D:\_training_2024_06\.m2\org\jboss\logmanager\jboss-logmanager-embedded\1.1.1\jboss-logmanager-embedded-1.1.1.jar;D:\_training_2024_06\.m2\org\jboss\logging\jboss-logging-annotations\2.2.1.Final\jboss-logging-annotations-2.2.1.Final.jar;D:\_training_2024_06\.m2\org\jboss\threads\jboss-threads\3.5.0.Final\jboss-threads-3.5.0.Final.jar;D:\_training_2024_06\.m2\org\slf4j\slf4j-api\2.0.6\slf4j-api-2.0.6.jar;D:\_training_2024_06\.m2\org\jboss\slf4j\slf4j-jboss-logmanager\2.0.0.Final\slf4j-jboss-logmanager-2.0.0.Final.jar;D:\_training_2024_06\.m2\org\graalvm\sdk\graal-sdk\22.3.0\graal-sdk-22.3.0.jar;D:\_training_2024_06\.m2\org\wildfly\common\wildfly-common\1.5.4.Final-format-001\wildfly-common-1.5.4.Final-format-001.jar;D:\_training_2024_06\.m2\io\quarkus\quarkus-bootstrap-runner\3.0.3.Final\quarkus-bootstrap-runner-3.0.3.Final.jar;D:\_training_2024_06\.m2\io\quarkus\quarkus-fs-util\0.0.9\quarkus-fs-util-0.0.9.jar;D:\_training_2024_06\.m2\org\eclipse\microprofile\context-propagation\microprofile-context-propagation-api\1.3\microprofile-context-propagation-api-1.3.jar;D:\_training_2024_06\.m2\io\quarkus\quarkus-resteasy-reactive\3.0.3.Final\quarkus-resteasy-reactive-3.0.3.Final.jar;D:\_training_2024_06\.m2\io\quarkus\quarkus-resteasy-reactive-common\3.0.3.Final\quarkus-resteasy-reactive-common-3.0.3.Final.jar;D:\_training_2024_06\.m2\io\quarkus\resteasy\reactive\resteasy-reactive-common\3.0.3.Final\resteasy-reactive-common-3.0.3.Final.jar;D:\_training_2024_06\.m2\io\quarkus\resteasy\reactive\resteasy-reactive-common-types\3.0.3.Final\resteasy-reactive-common-types-3.0.3.Final.jar;D:\_training_2024_06\.m2\org\reactivestreams\reactive-streams\1.0.4\reactive-streams-1.0.4.jar;D:\_training_2024_06\.m2\io\smallrye\reactive\mutiny-zero-flow-adapters\1.0.0\mutiny-zero-flow-adapters-1.0.0.jar;D:\_training_2024_06\.m2\io\quarkus\quarkus-mutiny\3.0.3.Final\quarkus-mutiny-3.0.3.Final.jar;D:\_training_2024_06\.m2\io\quarkus\quarkus-smallrye-context-propagation\3.0.3.Final\quarkus-smallrye-context-propagation-3.0.3.Final.jar;D:\_training_2024_06\.m2\io\smallrye\smallrye-context-propagation\2.1.0\smallrye-context-propagation-2.1.0.jar;D:\_training_2024_06\.m2\io\smallrye\smallrye-context-propagation-api\2.1.0\smallrye-context-propagation-api-2.1.0.jar;D:\_training_2024_06\.m2\io\smallrye\smallrye-context-propagation-storage\2.1.0\smallrye-context-propagation-storage-2.1.0.jar;D:\_training_2024_06\.m2\io\smallrye\reactive\mutiny-smallrye-context-propagation\2.1.0\mutiny-smallrye-context-propagation-2.1.0.jar;D:\_training_2024_06\.m2\io\quarkus\quarkus-vertx\3.0.3.Final\quarkus-vertx-3.0.3.Final.jar;D:\_training_2024_06\.m2\io\quarkus\quarkus-netty\3.0.3.Final\quarkus-netty-3.0.3.Final.jar;D:\_training_2024_06\.m2\io\netty\netty-codec\4.1.90.Final\netty-codec-4.1.90.Final.jar;D:\_training_2024_06\.m2\io\netty\netty-codec-http\4.1.90.Final\netty-codec-http-4.1.90.Final.jar;D:\_training_2024_06\.m2\io\netty\netty-codec-http2\4.1.90.Final\netty-codec-http2-4.1.90.Final.jar;D:\_training_2024_06\.m2\io\netty\netty-handler\4.1.90.Final\netty-handler-4.1.90.Final.jar;D:\_training_2024_06\.m2\io\netty\netty-transport-native-unix-common\4.1.90.Final\netty-transport-native-unix-common-4.1.90.Final.jar;D:\_training_2024_06\.m2\com\aayushatharva\brotli4j\brotli4j\1.11.0\brotli4j-1.11.0.jar;D:\_training_2024_06\.m2\com\aayushatharva\brotli4j\service\1.11.0\service-1.11.0.jar;D:\_training_2024_06\.m2\com\aayushatharva\brotli4j\native-windows-x86_64\1.11.0\native-windows-x86_64-1.11.0.jar;D:\_training_2024_06\.m2\io\netty\netty-codec-haproxy\4.1.90.Final\netty-codec-haproxy-4.1.90.Final.jar;D:\_training_2024_06\.m2\io\netty\netty-buffer\4.1.90.Final\netty-buffer-4.1.90.Final.jar;D:\_training_2024_06\.m2\io\netty\netty-transport\4.1.90.Final\netty-transport-4.1.90.Final.jar;D:\_training_2024_06\.m2\io\quarkus\quarkus-vertx-latebound-mdc-provider\3.0.3.Final\quarkus-vertx-latebound-mdc-provider-3.0.3.Final.jar;D:\_training_2024_06\.m2\io\smallrye\smallrye-fault-tolerance-vertx\6.2.2\smallrye-fault-tolerance-vertx-6.2.2.jar;D:\_training_2024_06\.m2\io\quarkus\resteasy\reactive\resteasy-reactive-vertx\3.0.3.Final\resteasy-reactive-vertx-3.0.3.Final.jar;D:\_training_2024_06\.m2\io\vertx\vertx-web\4.4.1\vertx-web-4.4.1.jar;D:\_training_2024_06\.m2\io\vertx\vertx-web-common\4.4.1\vertx-web-common-4.4.1.jar;D:\_training_2024_06\.m2\io\vertx\vertx-auth-common\4.4.1\vertx-auth-common-4.4.1.jar;D:\_training_2024_06\.m2\io\vertx\vertx-bridge-common\4.4.1\vertx-bridge-common-4.4.1.jar;D:\_training_2024_06\.m2\io\vertx\vertx-core\4.4.1\vertx-core-4.4.1.jar;D:\_training_2024_06\.m2\io\netty\netty-common\4.1.90.Final\netty-common-4.1.90.Final.jar;D:\_training_2024_06\.m2\io\netty\netty-handler-proxy\4.1.90.Final\netty-handler-proxy-4.1.90.Final.jar;D:\_training_2024_06\.m2\io\netty\netty-codec-socks\4.1.90.Final\netty-codec-socks-4.1.90.Final.jar;D:\_training_2024_06\.m2\io\netty\netty-resolver\4.1.90.Final\netty-resolver-4.1.90.Final.jar;D:\_training_2024_06\.m2\io\netty\netty-resolver-dns\4.1.90.Final\netty-resolver-dns-4.1.90.Final.jar;D:\_training_2024_06\.m2\io\netty\netty-codec-dns\4.1.90.Final\netty-codec-dns-4.1.90.Final.jar;D:\_training_2024_06\.m2\io\smallrye\reactive\smallrye-mutiny-vertx-core\3.3.0\smallrye-mutiny-vertx-core-3.3.0.jar;D:\_training_2024_06\.m2\io\smallrye\reactive\smallrye-mutiny-vertx-runtime\3.3.0\smallrye-mutiny-vertx-runtime-3.3.0.jar;D:\_training_2024_06\.m2\io\smallrye\reactive\vertx-mutiny-generator\3.3.0\vertx-mutiny-generator-3.3.0.jar;D:\_training_2024_06\.m2\io\vertx\vertx-codegen\4.4.1\vertx-codegen-4.4.1.jar;D:\_training_2024_06\.m2\io\quarkus\resteasy\reactive\resteasy-reactive\3.0.3.Final\resteasy-reactive-3.0.3.Final.jar;D:\_training_2024_06\.m2\jakarta\ws\rs\jakarta.ws.rs-api\3.1.0\jakarta.ws.rs-api-3.1.0.jar;D:\_training_2024_06\.m2\org\jboss\logging\commons-logging-jboss-logging\1.0.0.Final\commons-logging-jboss-logging-1.0.0.Final.jar;D:\_training_2024_06\.m2\jakarta\xml\bind\jakarta.xml.bind-api\4.0.0\jakarta.xml.bind-api-4.0.0.jar;D:\_training_2024_06\.m2\jakarta\activation\jakarta.activation-api\2.1.1\jakarta.activation-api-2.1.1.jar;D:\_training_2024_06\.m2\io\quarkus\quarkus-vertx-http\3.0.3.Final\quarkus-vertx-http-3.0.3.Final.jar;D:\_training_2024_06\.m2\io\quarkus\quarkus-security-runtime-spi\3.0.3.Final\quarkus-security-runtime-spi-3.0.3.Final.jar;D:\_training_2024_06\.m2\io\quarkus\quarkus-credentials\3.0.3.Final\quarkus-credentials-3.0.3.Final.jar;D:\_training_2024_06\.m2\io\smallrye\common\smallrye-common-vertx-context\2.1.0\smallrye-common-vertx-context-2.1.0.jar;D:\_training_2024_06\.m2\io\smallrye\common\smallrye-common-constraint\2.1.0\smallrye-common-constraint-2.1.0.jar;D:\_training_2024_06\.m2\io\quarkus\quarkus-vertx-http-dev-console-runtime-spi\3.0.3.Final\quarkus-vertx-http-dev-console-runtime-spi-3.0.3.Final.jar;D:\_training_2024_06\.m2\io\quarkus\security\quarkus-security\2.0.2.Final\quarkus-security-2.0.2.Final.jar;D:\_training_2024_06\.m2\io\smallrye\reactive\smallrye-mutiny-vertx-web\3.3.0\smallrye-mutiny-vertx-web-3.3.0.jar;D:\_training_2024_06\.m2\io\smallrye\reactive\smallrye-mutiny-vertx-web-common\3.3.0\smallrye-mutiny-vertx-web-common-3.3.0.jar;D:\_training_2024_06\.m2\io\smallrye\reactive\smallrye-mutiny-vertx-auth-common\3.3.0\smallrye-mutiny-vertx-auth-common-3.3.0.jar;D:\_training_2024_06\.m2\io\smallrye\reactive\smallrye-mutiny-vertx-bridge-common\3.3.0\smallrye-mutiny-vertx-bridge-common-3.3.0.jar;D:\_training_2024_06\.m2\io\smallrye\reactive\smallrye-mutiny-vertx-uri-template\3.3.0\smallrye-mutiny-vertx-uri-template-3.3.0.jar;D:\_training_2024_06\.m2\io\vertx\vertx-uri-template\4.4.1\vertx-uri-template-4.4.1.jar;D:\_training_2024_06\.m2\io\github\crac\org-crac\0.1.3\org-crac-0.1.3.jar;D:\_training_2024_06\.m2\io\quarkus\quarkus-jsonp\3.0.3.Final\quarkus-jsonp-3.0.3.Final.jar;D:\_training_2024_06\.m2\org\eclipse\parsson\parsson\1.1.1\parsson-1.1.1.jar;D:\_training_2024_06\.m2\jakarta\json\jakarta.json-api\2.1.1\jakarta.json-api-2.1.1.jar;D:\_training_2024_06\.m2\io\quarkus\quarkus-resteasy-reactive-jackson\3.0.3.Final\quarkus-resteasy-reactive-jackson-3.0.3.Final.jar;D:\_training_2024_06\.m2\io\quarkus\quarkus-resteasy-reactive-jackson-common\3.0.3.Final\quarkus-resteasy-reactive-jackson-common-3.0.3.Final.jar;D:\_training_2024_06\.m2\io\quarkus\resteasy\reactive\resteasy-reactive-jackson\3.0.3.Final\resteasy-reactive-jackson-3.0.3.Final.jar;D:\_training_2024_06\.m2\io\quarkus\quarkus-jackson\3.0.3.Final\quarkus-jackson-3.0.3.Final.jar;D:\_training_2024_06\.m2\com\fasterxml\jackson\datatype\jackson-datatype-jsr310\2.14.2\jackson-datatype-jsr310-2.14.2.jar;D:\_training_2024_06\.m2\com\fasterxml\jackson\datatype\jackson-datatype-jdk8\2.14.2\jackson-datatype-jdk8-2.14.2.jar;D:\_training_2024_06\.m2\com\fasterxml\jackson\module\jackson-module-parameter-names\2.14.2\jackson-module-parameter-names-2.14.2.jar;D:\_training_2024_06\.m2\io\quarkus\quarkus-smallrye-openapi\3.0.3.Final\quarkus-smallrye-openapi-3.0.3.Final.jar;D:\_training_2024_06\.m2\io\smallrye\smallrye-open-api-core\3.3.4\smallrye-open-api-core-3.3.4.jar;D:\_training_2024_06\.m2\org\eclipse\microprofile\openapi\microprofile-openapi-api\3.1\microprofile-openapi-api-3.1.jar;D:\_training_2024_06\.m2\org\eclipse\microprofile\config\microprofile-config-api\3.0.3\microprofile-config-api-3.0.3.jar;D:\_training_2024_06\.m2\com\fasterxml\jackson\core\jackson-core\2.14.2\jackson-core-2.14.2.jar;D:\_training_2024_06\.m2\com\fasterxml\jackson\core\jackson-databind\2.14.2\jackson-databind-2.14.2.jar;D:\_training_2024_06\.m2\com\fasterxml\jackson\core\jackson-annotations\2.14.2\jackson-annotations-2.14.2.jar;D:\_training_2024_06\.m2\com\fasterxml\jackson\dataformat\jackson-dataformat-yaml\2.14.2\jackson-dataformat-yaml-2.14.2.jar;D:\_training_2024_06\.m2\org\yaml\snakeyaml\2.0\snakeyaml-2.0.jar;D:\_training_2024_06\.m2\io\smallrye\jandex\3.0.5\jandex-3.0.5.jar;D:\_training_2024_06\.m2\io\quarkus\quarkus-swagger-ui\3.0.3.Final\quarkus-swagger-ui-3.0.3.Final.jar;D:\_training_2024_06\.m2\io\quarkus\quarkus-junit5\3.0.3.Final\quarkus-junit5-3.0.3.Final.jar;D:\_training_2024_06\.m2\io\quarkus\quarkus-bootstrap-core\3.0.3.Final\quarkus-bootstrap-core-3.0.3.Final.jar;D:\_training_2024_06\.m2\io\quarkus\quarkus-bootstrap-app-model\3.0.3.Final\quarkus-bootstrap-app-model-3.0.3.Final.jar;D:\_training_2024_06\.m2\io\smallrye\common\smallrye-common-io\2.1.0\smallrye-common-io-2.1.0.jar;D:\_training_2024_06\.m2\org\eclipse\sisu\org.eclipse.sisu.inject\0.3.5\org.eclipse.sisu.inject-0.3.5.jar;D:\_training_2024_06\.m2\io\quarkus\quarkus-test-common\3.0.3.Final\quarkus-test-common-3.0.3.Final.jar;D:\_training_2024_06\.m2\io\quarkus\quarkus-core-deployment\3.0.3.Final\quarkus-core-deployment-3.0.3.Final.jar;D:\_training_2024_06\.m2\org\aesh\readline\2.4\readline-2.4.jar;D:\_training_2024_06\.m2\org\fusesource\jansi\jansi\2.4.0\jansi-2.4.0.jar;D:\_training_2024_06\.m2\org\aesh\aesh\2.7\aesh-2.7.jar;D:\_training_2024_06\.m2\io\quarkus\gizmo\gizmo\1.6.1.Final\gizmo-1.6.1.Final.jar;D:\_training_2024_06\.m2\org\ow2\asm\asm-util\9.5\asm-util-9.5.jar;D:\_training_2024_06\.m2\org\ow2\asm\asm-analysis\9.5\asm-analysis-9.5.jar;D:\_training_2024_06\.m2\org\ow2\asm\asm\9.5\asm-9.5.jar;D:\_training_2024_06\.m2\org\ow2\asm\asm-commons\9.5\asm-commons-9.5.jar;D:\_training_2024_06\.m2\org\ow2\asm\asm-tree\9.5\asm-tree-9.5.jar;D:\_training_2024_06\.m2\io\quarkus\quarkus-class-change-agent\3.0.3.Final\quarkus-class-change-agent-3.0.3.Final.jar;D:\_training_2024_06\.m2\io\quarkus\quarkus-devtools-utilities\3.0.3.Final\quarkus-devtools-utilities-3.0.3.Final.jar;D:\_training_2024_06\.m2\io\quarkus\quarkus-builder\3.0.3.Final\quarkus-builder-3.0.3.Final.jar;D:\_training_2024_06\.m2\org\junit\platform\junit-platform-launcher\1.9.2\junit-platform-launcher-1.9.2.jar;D:\_training_2024_06\.m2\io\quarkus\quarkus-bootstrap-maven-resolver\3.0.3.Final\quarkus-bootstrap-maven-resolver-3.0.3.Final.jar;D:\_training_2024_06\.m2\io\smallrye\beanbag\smallrye-beanbag-maven\1.1.0\smallrye-beanbag-maven-1.1.0.jar;D:\_training_2024_06\.m2\io\smallrye\beanbag\smallrye-beanbag-sisu\1.1.0\smallrye-beanbag-sisu-1.1.0.jar;D:\_training_2024_06\.m2\io\smallrye\beanbag\smallrye-beanbag\1.1.0\smallrye-beanbag-1.1.0.jar;D:\_training_2024_06\.m2\javax\inject\javax.inject\1\javax.inject-1.jar;D:\_training_2024_06\.m2\org\apache\maven\maven-artifact\3.9.1\maven-artifact-3.9.1.jar;D:\_training_2024_06\.m2\org\apache\maven\maven-builder-support\3.9.1\maven-builder-support-3.9.1.jar;D:\_training_2024_06\.m2\org\apache\maven\maven-model\3.9.1\maven-model-3.9.1.jar;D:\_training_2024_06\.m2\org\apache\maven\maven-model-builder\3.9.1\maven-model-builder-3.9.1.jar;D:\_training_2024_06\.m2\org\apache\maven\maven-repository-metadata\3.9.1\maven-repository-metadata-3.9.1.jar;D:\_training_2024_06\.m2\org\apache\maven\maven-settings\3.9.1\maven-settings-3.9.1.jar;D:\_training_2024_06\.m2\org\apache\maven\resolver\maven-resolver-api\1.9.7\maven-resolver-api-1.9.7.jar;D:\_training_2024_06\.m2\org\apache\maven\resolver\maven-resolver-impl\1.9.7\maven-resolver-impl-1.9.7.jar;D:\_training_2024_06\.m2\org\apache\maven\resolver\maven-resolver-named-locks\1.9.7\maven-resolver-named-locks-1.9.7.jar;D:\_training_2024_06\.m2\org\apache\maven\resolver\maven-resolver-spi\1.9.7\maven-resolver-spi-1.9.7.jar;D:\_training_2024_06\.m2\org\apache\maven\resolver\maven-resolver-util\1.9.7\maven-resolver-util-1.9.7.jar;D:\_training_2024_06\.m2\org\apache\maven\wagon\wagon-provider-api\3.5.3\wagon-provider-api-3.5.3.jar;D:\_training_2024_06\.m2\org\apache\maven\wagon\wagon-http-lightweight\3.5.3\wagon-http-lightweight-3.5.3.jar;D:\_training_2024_06\.m2\org\apache\maven\wagon\wagon-http-shared\3.5.3\wagon-http-shared-3.5.3.jar;D:\_training_2024_06\.m2\org\codehaus\plexus\plexus-interpolation\1.26\plexus-interpolation-1.26.jar;D:\_training_2024_06\.m2\org\codehaus\plexus\plexus-utils\3.5.1\plexus-utils-3.5.1.jar;D:\_training_2024_06\.m2\org\sonatype\plexus\plexus-cipher\1.7\plexus-cipher-1.7.jar;D:\_training_2024_06\.m2\org\sonatype\plexus\plexus-sec-dispatcher\1.4\plexus-sec-dispatcher-1.4.jar;D:\_training_2024_06\.m2\org\apache\maven\maven-embedder\3.9.1\maven-embedder-3.9.1.jar;D:\_training_2024_06\.m2\org\apache\maven\maven-core\3.9.1\maven-core-3.9.1.jar;D:\_training_2024_06\.m2\org\codehaus\plexus\plexus-component-annotations\2.1.0\plexus-component-annotations-2.1.0.jar;D:\_training_2024_06\.m2\org\apache\maven\maven-plugin-api\3.9.1\maven-plugin-api-3.9.1.jar;D:\_training_2024_06\.m2\org\apache\maven\shared\maven-shared-utils\3.3.4\maven-shared-utils-3.3.4.jar;D:\_training_2024_06\.m2\com\google\inject\guice\5.1.0\guice-5.1.0.jar;D:\_training_2024_06\.m2\aopalliance\aopalliance\1.0\aopalliance-1.0.jar;D:\_training_2024_06\.m2\com\google\guava\guava\31.1-jre\guava-31.1-jre.jar;D:\_training_2024_06\.m2\com\google\guava\failureaccess\1.0.1\failureaccess-1.0.1.jar;D:\_training_2024_06\.m2\javax\annotation\javax.annotation-api\1.3.2\javax.annotation-api-1.3.2.jar;D:\_training_2024_06\.m2\org\codehaus\plexus\plexus-classworlds\2.6.0\plexus-classworlds-2.6.0.jar;D:\_training_2024_06\.m2\org\codehaus\plexus\plexus-sec-dispatcher\2.0\plexus-sec-dispatcher-2.0.jar;D:\_training_2024_06\.m2\org\codehaus\plexus\plexus-cipher\2.0\plexus-cipher-2.0.jar;D:\_training_2024_06\.m2\commons-cli\commons-cli\1.4\commons-cli-1.4.jar;D:\_training_2024_06\.m2\org\eclipse\sisu\org.eclipse.sisu.plexus\0.3.5\org.eclipse.sisu.plexus-0.3.5.jar;D:\_training_2024_06\.m2\org\apache\maven\maven-settings-builder\3.9.1\maven-settings-builder-3.9.1.jar;D:\_training_2024_06\.m2\org\apache\maven\maven-resolver-provider\3.9.1\maven-resolver-provider-3.9.1.jar;D:\_training_2024_06\.m2\org\apache\maven\resolver\maven-resolver-connector-basic\1.9.7\maven-resolver-connector-basic-1.9.7.jar;D:\_training_2024_06\.m2\org\apache\maven\resolver\maven-resolver-transport-wagon\1.9.7\maven-resolver-transport-wagon-1.9.7.jar;D:\_training_2024_06\.m2\org\apache\maven\wagon\wagon-http\3.5.3\wagon-http-3.5.3.jar;D:\_training_2024_06\.m2\org\apache\maven\wagon\wagon-file\3.5.3\wagon-file-3.5.3.jar;D:\_training_2024_06\.m2\io\quarkus\quarkus-bootstrap-gradle-resolver\3.0.3.Final\quarkus-bootstrap-gradle-resolver-3.0.3.Final.jar;D:\_training_2024_06\.m2\commons-io\commons-io\2.11.0\commons-io-2.11.0.jar;D:\_training_2024_06\.m2\io\quarkus\quarkus-junit5-properties\3.0.3.Final\quarkus-junit5-properties-3.0.3.Final.jar;D:\_training_2024_06\.m2\org\junit\jupiter\junit-jupiter\5.9.2\junit-jupiter-5.9.2.jar;D:\_training_2024_06\.m2\org\junit\jupiter\junit-jupiter-api\5.9.2\junit-jupiter-api-5.9.2.jar;D:\_training_2024_06\.m2\org\opentest4j\opentest4j\1.2.0\opentest4j-1.2.0.jar;D:\_training_2024_06\.m2\org\junit\platform\junit-platform-commons\1.9.2\junit-platform-commons-1.9.2.jar;D:\_training_2024_06\.m2\org\apiguardian\apiguardian-api\1.1.2\apiguardian-api-1.1.2.jar;D:\_training_2024_06\.m2\org\junit\jupiter\junit-jupiter-params\5.9.2\junit-jupiter-params-5.9.2.jar;D:\_training_2024_06\.m2\org\junit\jupiter\junit-jupiter-engine\5.9.2\junit-jupiter-engine-5.9.2.jar;D:\_training_2024_06\.m2\org\junit\platform\junit-platform-engine\1.9.2\junit-platform-engine-1.9.2.jar;D:\_training_2024_06\.m2\com\thoughtworks\xstream\xstream\1.4.20\xstream-1.4.20.jar;D:\_training_2024_06\.m2\io\github\x-stream\mxparser\1.2.2\mxparser-1.2.2.jar;D:\_training_2024_06\.m2\xmlpull\xmlpull\1.1.3.1\xmlpull-1.1.3.1.jar;D:\_training_2024_06\.m2\io\rest-assured\rest-assured\5.3.0\rest-assured-5.3.0.jar;D:\_training_2024_06\.m2\org\apache\groovy\groovy\4.0.6\groovy-4.0.6.jar;D:\_training_2024_06\.m2\org\apache\groovy\groovy-xml\4.0.6\groovy-xml-4.0.6.jar;D:\_training_2024_06\.m2\org\apache\httpcomponents\httpclient\4.5.14\httpclient-4.5.14.jar;D:\_training_2024_06\.m2\org\apache\httpcomponents\httpcore\4.4.16\httpcore-4.4.16.jar;D:\_training_2024_06\.m2\commons-codec\commons-codec\1.15\commons-codec-1.15.jar;D:\_training_2024_06\.m2\org\apache\httpcomponents\httpmime\4.5.14\httpmime-4.5.14.jar;D:\_training_2024_06\.m2\org\hamcrest\hamcrest\2.1\hamcrest-2.1.jar;D:\_training_2024_06\.m2\org\ccil\cowan\tagsoup\tagsoup\1.2.1\tagsoup-1.2.1.jar;D:\_training_2024_06\.m2\io\rest-assured\json-path\5.3.0\json-path-5.3.0.jar;D:\_training_2024_06\.m2\org\apache\groovy\groovy-json\4.0.6\groovy-json-4.0.6.jar;D:\_training_2024_06\.m2\io\rest-assured\rest-assured-common\5.3.0\rest-assured-common-5.3.0.jar;D:\_training_2024_06\.m2\io\rest-assured\xml-path\5.3.0\xml-path-5.3.0.jar;D:\_training_2024_06\.m2\org\apache\commons\commons-lang3\3.12.0\commons-lang3-3.12.0.jar;"/>
    <property name="java.vm.vendor" value="Oracle Corporation"/>
    <property name="sun.arch.data.model" value="64"/>
    <property name="user.variant" value=""/>
    <property name="java.vendor.url" value="http://java.oracle.com/"/>
    <property name="user.timezone" value="Europe/Berlin"/>
    <property name="logging.initial-configurator.min-level" value="500"/>
    <property name="os.name" value="Windows 10"/>
    <property name="java.vm.specification.version" value="11"/>
    <property name="sun.java.launcher" value="SUN_STANDARD"/>
    <property name="user.country" value="DE"/>
    <property name="mp.openapi.extensions.smallrye.defaultProduces" value="application/json"/>
    <property name="sun.boot.library.path" value="C:\java\open_jdk-11.0.2\bin"/>
    <property name="sun.java.command" value="C:\Users\cgssc\AppData\Local\Temp\surefire15168196270396675619\surefirebooter-20240623221154509_3.jar C:\Users\cgssc\AppData\Local\Temp\surefire15168196270396675619 2024-06-23T22-11-54_402-jvmRun1 surefire-20240623221154509_1tmp surefire_0-20240623221154509_2tmp"/>
    <property name="jdk.debug" value="release"/>
    <property name="maven.home" value="D:\_training_2024_06\apache-maven-3.9.8"/>
    <property name="surefire.test.class.path" value="D:\_training_2024_06\git\train_maven_24_06_part2_trainer\maven-training-restapi\target\test-classes;D:\_training_2024_06\git\train_maven_24_06_part2_trainer\maven-training-restapi\target\classes;D:\_training_2024_06\.m2\at\cgsit\training\maven-training-dtos\1.0-SNAPSHOT\maven-training-dtos-1.0-SNAPSHOT.jar;D:\_training_2024_06\.m2\io\quarkus\quarkus-arc\3.0.3.Final\quarkus-arc-3.0.3.Final.jar;D:\_training_2024_06\.m2\io\quarkus\arc\arc\3.0.3.Final\arc-3.0.3.Final.jar;D:\_training_2024_06\.m2\jakarta\enterprise\jakarta.enterprise.cdi-api\4.0.1\jakarta.enterprise.cdi-api-4.0.1.jar;D:\_training_2024_06\.m2\jakarta\enterprise\jakarta.enterprise.lang-model\4.0.1\jakarta.enterprise.lang-model-4.0.1.jar;D:\_training_2024_06\.m2\jakarta\el\jakarta.el-api\5.0.1\jakarta.el-api-5.0.1.jar;D:\_training_2024_06\.m2\jakarta\interceptor\jakarta.interceptor-api\2.1.0\jakarta.interceptor-api-2.1.0.jar;D:\_training_2024_06\.m2\jakarta\annotation\jakarta.annotation-api\2.1.1\jakarta.annotation-api-2.1.1.jar;D:\_training_2024_06\.m2\jakarta\transaction\jakarta.transaction-api\2.0.1\jakarta.transaction-api-2.0.1.jar;D:\_training_2024_06\.m2\io\smallrye\reactive\mutiny\2.1.0\mutiny-2.1.0.jar;D:\_training_2024_06\.m2\io\smallrye\common\smallrye-common-annotation\2.1.0\smallrye-common-annotation-2.1.0.jar;D:\_training_2024_06\.m2\org\jboss\logging\jboss-logging\3.5.0.Final\jboss-logging-3.5.0.Final.jar;D:\_training_2024_06\.m2\io\quarkus\quarkus-core\3.0.3.Final\quarkus-core-3.0.3.Final.jar;D:\_training_2024_06\.m2\jakarta\inject\jakarta.inject-api\2.0.1\jakarta.inject-api-2.0.1.jar;D:\_training_2024_06\.m2\io\smallrye\common\smallrye-common-os\2.1.0\smallrye-common-os-2.1.0.jar;D:\_training_2024_06\.m2\io\quarkus\quarkus-ide-launcher\3.0.3.Final\quarkus-ide-launcher-3.0.3.Final.jar;D:\_training_2024_06\.m2\io\quarkus\quarkus-development-mode-spi\3.0.3.Final\quarkus-development-mode-spi-3.0.3.Final.jar;D:\_training_2024_06\.m2\io\smallrye\config\smallrye-config\3.2.1\smallrye-config-3.2.1.jar;D:\_training_2024_06\.m2\io\smallrye\config\smallrye-config-core\3.2.1\smallrye-config-core-3.2.1.jar;D:\_training_2024_06\.m2\io\smallrye\common\smallrye-common-expression\2.1.0\smallrye-common-expression-2.1.0.jar;D:\_training_2024_06\.m2\io\smallrye\common\smallrye-common-function\2.1.0\smallrye-common-function-2.1.0.jar;D:\_training_2024_06\.m2\io\smallrye\common\smallrye-common-classloader\2.1.0\smallrye-common-classloader-2.1.0.jar;D:\_training_2024_06\.m2\io\smallrye\config\smallrye-config-common\3.2.1\smallrye-config-common-3.2.1.jar;D:\_training_2024_06\.m2\org\jboss\logmanager\jboss-logmanager-embedded\1.1.1\jboss-logmanager-embedded-1.1.1.jar;D:\_training_2024_06\.m2\org\jboss\logging\jboss-logging-annotations\2.2.1.Final\jboss-logging-annotations-2.2.1.Final.jar;D:\_training_2024_06\.m2\org\jboss\threads\jboss-threads\3.5.0.Final\jboss-threads-3.5.0.Final.jar;D:\_training_2024_06\.m2\org\slf4j\slf4j-api\2.0.6\slf4j-api-2.0.6.jar;D:\_training_2024_06\.m2\org\jboss\slf4j\slf4j-jboss-logmanager\2.0.0.Final\slf4j-jboss-logmanager-2.0.0.Final.jar;D:\_training_2024_06\.m2\org\graalvm\sdk\graal-sdk\22.3.0\graal-sdk-22.3.0.jar;D:\_training_2024_06\.m2\org\wildfly\common\wildfly-common\1.5.4.Final-format-001\wildfly-common-1.5.4.Final-format-001.jar;D:\_training_2024_06\.m2\io\quarkus\quarkus-bootstrap-runner\3.0.3.Final\quarkus-bootstrap-runner-3.0.3.Final.jar;D:\_training_2024_06\.m2\io\quarkus\quarkus-fs-util\0.0.9\quarkus-fs-util-0.0.9.jar;D:\_training_2024_06\.m2\org\eclipse\microprofile\context-propagation\microprofile-context-propagation-api\1.3\microprofile-context-propagation-api-1.3.jar;D:\_training_2024_06\.m2\io\quarkus\quarkus-resteasy-reactive\3.0.3.Final\quarkus-resteasy-reactive-3.0.3.Final.jar;D:\_training_2024_06\.m2\io\quarkus\quarkus-resteasy-reactive-common\3.0.3.Final\quarkus-resteasy-reactive-common-3.0.3.Final.jar;D:\_training_2024_06\.m2\io\quarkus\resteasy\reactive\resteasy-reactive-common\3.0.3.Final\resteasy-reactive-common-3.0.3.Final.jar;D:\_training_2024_06\.m2\io\quarkus\resteasy\reactive\resteasy-reactive-common-types\3.0.3.Final\resteasy-reactive-common-types-3.0.3.Final.jar;D:\_training_2024_06\.m2\org\reactivestreams\reactive-streams\1.0.4\reactive-streams-1.0.4.jar;D:\_training_2024_06\.m2\io\smallrye\reactive\mutiny-zero-flow-adapters\1.0.0\mutiny-zero-flow-adapters-1.0.0.jar;D:\_training_2024_06\.m2\io\quarkus\quarkus-mutiny\3.0.3.Final\quarkus-mutiny-3.0.3.Final.jar;D:\_training_2024_06\.m2\io\quarkus\quarkus-smallrye-context-propagation\3.0.3.Final\quarkus-smallrye-context-propagation-3.0.3.Final.jar;D:\_training_2024_06\.m2\io\smallrye\smallrye-context-propagation\2.1.0\smallrye-context-propagation-2.1.0.jar;D:\_training_2024_06\.m2\io\smallrye\smallrye-context-propagation-api\2.1.0\smallrye-context-propagation-api-2.1.0.jar;D:\_training_2024_06\.m2\io\smallrye\smallrye-context-propagation-storage\2.1.0\smallrye-context-propagation-storage-2.1.0.jar;D:\_training_2024_06\.m2\io\smallrye\reactive\mutiny-smallrye-context-propagation\2.1.0\mutiny-smallrye-context-propagation-2.1.0.jar;D:\_training_2024_06\.m2\io\quarkus\quarkus-vertx\3.0.3.Final\quarkus-vertx-3.0.3.Final.jar;D:\_training_2024_06\.m2\io\quarkus\quarkus-netty\3.0.3.Final\quarkus-netty-3.0.3.Final.jar;D:\_training_2024_06\.m2\io\netty\netty-codec\4.1.90.Final\netty-codec-4.1.90.Final.jar;D:\_training_2024_06\.m2\io\netty\netty-codec-http\4.1.90.Final\netty-codec-http-4.1.90.Final.jar;D:\_training_2024_06\.m2\io\netty\netty-codec-http2\4.1.90.Final\netty-codec-http2-4.1.90.Final.jar;D:\_training_2024_06\.m2\io\netty\netty-handler\4.1.90.Final\netty-handler-4.1.90.Final.jar;D:\_training_2024_06\.m2\io\netty\netty-transport-native-unix-common\4.1.90.Final\netty-transport-native-unix-common-4.1.90.Final.jar;D:\_training_2024_06\.m2\com\aayushatharva\brotli4j\brotli4j\1.11.0\brotli4j-1.11.0.jar;D:\_training_2024_06\.m2\com\aayushatharva\brotli4j\service\1.11.0\service-1.11.0.jar;D:\_training_2024_06\.m2\com\aayushatharva\brotli4j\native-windows-x86_64\1.11.0\native-windows-x86_64-1.11.0.jar;D:\_training_2024_06\.m2\io\netty\netty-codec-haproxy\4.1.90.Final\netty-codec-haproxy-4.1.90.Final.jar;D:\_training_2024_06\.m2\io\netty\netty-buffer\4.1.90.Final\netty-buffer-4.1.90.Final.jar;D:\_training_2024_06\.m2\io\netty\netty-transport\4.1.90.Final\netty-transport-4.1.90.Final.jar;D:\_training_2024_06\.m2\io\quarkus\quarkus-vertx-latebound-mdc-provider\3.0.3.Final\quarkus-vertx-latebound-mdc-provider-3.0.3.Final.jar;D:\_training_2024_06\.m2\io\smallrye\smallrye-fault-tolerance-vertx\6.2.2\smallrye-fault-tolerance-vertx-6.2.2.jar;D:\_training_2024_06\.m2\io\quarkus\resteasy\reactive\resteasy-reactive-vertx\3.0.3.Final\resteasy-reactive-vertx-3.0.3.Final.jar;D:\_training_2024_06\.m2\io\vertx\vertx-web\4.4.1\vertx-web-4.4.1.jar;D:\_training_2024_06\.m2\io\vertx\vertx-web-common\4.4.1\vertx-web-common-4.4.1.jar;D:\_training_2024_06\.m2\io\vertx\vertx-auth-common\4.4.1\vertx-auth-common-4.4.1.jar;D:\_training_2024_06\.m2\io\vertx\vertx-bridge-common\4.4.1\vertx-bridge-common-4.4.1.jar;D:\_training_2024_06\.m2\io\vertx\vertx-core\4.4.1\vertx-core-4.4.1.jar;D:\_training_2024_06\.m2\io\netty\netty-common\4.1.90.Final\netty-common-4.1.90.Final.jar;D:\_training_2024_06\.m2\io\netty\netty-handler-proxy\4.1.90.Final\netty-handler-proxy-4.1.90.Final.jar;D:\_training_2024_06\.m2\io\netty\netty-codec-socks\4.1.90.Final\netty-codec-socks-4.1.90.Final.jar;D:\_training_2024_06\.m2\io\netty\netty-resolver\4.1.90.Final\netty-resolver-4.1.90.Final.jar;D:\_training_2024_06\.m2\io\netty\netty-resolver-dns\4.1.90.Final\netty-resolver-dns-4.1.90.Final.jar;D:\_training_2024_06\.m2\io\netty\netty-codec-dns\4.1.90.Final\netty-codec-dns-4.1.90.Final.jar;D:\_training_2024_06\.m2\io\smallrye\reactive\smallrye-mutiny-vertx-core\3.3.0\smallrye-mutiny-vertx-core-3.3.0.jar;D:\_training_2024_06\.m2\io\smallrye\reactive\smallrye-mutiny-vertx-runtime\3.3.0\smallrye-mutiny-vertx-runtime-3.3.0.jar;D:\_training_2024_06\.m2\io\smallrye\reactive\vertx-mutiny-generator\3.3.0\vertx-mutiny-generator-3.3.0.jar;D:\_training_2024_06\.m2\io\vertx\vertx-codegen\4.4.1\vertx-codegen-4.4.1.jar;D:\_training_2024_06\.m2\io\quarkus\resteasy\reactive\resteasy-reactive\3.0.3.Final\resteasy-reactive-3.0.3.Final.jar;D:\_training_2024_06\.m2\jakarta\ws\rs\jakarta.ws.rs-api\3.1.0\jakarta.ws.rs-api-3.1.0.jar;D:\_training_2024_06\.m2\org\jboss\logging\commons-logging-jboss-logging\1.0.0.Final\commons-logging-jboss-logging-1.0.0.Final.jar;D:\_training_2024_06\.m2\jakarta\xml\bind\jakarta.xml.bind-api\4.0.0\jakarta.xml.bind-api-4.0.0.jar;D:\_training_2024_06\.m2\jakarta\activation\jakarta.activation-api\2.1.1\jakarta.activation-api-2.1.1.jar;D:\_training_2024_06\.m2\io\quarkus\quarkus-vertx-http\3.0.3.Final\quarkus-vertx-http-3.0.3.Final.jar;D:\_training_2024_06\.m2\io\quarkus\quarkus-security-runtime-spi\3.0.3.Final\quarkus-security-runtime-spi-3.0.3.Final.jar;D:\_training_2024_06\.m2\io\quarkus\quarkus-credentials\3.0.3.Final\quarkus-credentials-3.0.3.Final.jar;D:\_training_2024_06\.m2\io\smallrye\common\smallrye-common-vertx-context\2.1.0\smallrye-common-vertx-context-2.1.0.jar;D:\_training_2024_06\.m2\io\smallrye\common\smallrye-common-constraint\2.1.0\smallrye-common-constraint-2.1.0.jar;D:\_training_2024_06\.m2\io\quarkus\quarkus-vertx-http-dev-console-runtime-spi\3.0.3.Final\quarkus-vertx-http-dev-console-runtime-spi-3.0.3.Final.jar;D:\_training_2024_06\.m2\io\quarkus\security\quarkus-security\2.0.2.Final\quarkus-security-2.0.2.Final.jar;D:\_training_2024_06\.m2\io\smallrye\reactive\smallrye-mutiny-vertx-web\3.3.0\smallrye-mutiny-vertx-web-3.3.0.jar;D:\_training_2024_06\.m2\io\smallrye\reactive\smallrye-mutiny-vertx-web-common\3.3.0\smallrye-mutiny-vertx-web-common-3.3.0.jar;D:\_training_2024_06\.m2\io\smallrye\reactive\smallrye-mutiny-vertx-auth-common\3.3.0\smallrye-mutiny-vertx-auth-common-3.3.0.jar;D:\_training_2024_06\.m2\io\smallrye\reactive\smallrye-mutiny-vertx-bridge-common\3.3.0\smallrye-mutiny-vertx-bridge-common-3.3.0.jar;D:\_training_2024_06\.m2\io\smallrye\reactive\smallrye-mutiny-vertx-uri-template\3.3.0\smallrye-mutiny-vertx-uri-template-3.3.0.jar;D:\_training_2024_06\.m2\io\vertx\vertx-uri-template\4.4.1\vertx-uri-template-4.4.1.jar;D:\_training_2024_06\.m2\io\github\crac\org-crac\0.1.3\org-crac-0.1.3.jar;D:\_training_2024_06\.m2\io\quarkus\quarkus-jsonp\3.0.3.Final\quarkus-jsonp-3.0.3.Final.jar;D:\_training_2024_06\.m2\org\eclipse\parsson\parsson\1.1.1\parsson-1.1.1.jar;D:\_training_2024_06\.m2\jakarta\json\jakarta.json-api\2.1.1\jakarta.json-api-2.1.1.jar;D:\_training_2024_06\.m2\io\quarkus\quarkus-resteasy-reactive-jackson\3.0.3.Final\quarkus-resteasy-reactive-jackson-3.0.3.Final.jar;D:\_training_2024_06\.m2\io\quarkus\quarkus-resteasy-reactive-jackson-common\3.0.3.Final\quarkus-resteasy-reactive-jackson-common-3.0.3.Final.jar;D:\_training_2024_06\.m2\io\quarkus\resteasy\reactive\resteasy-reactive-jackson\3.0.3.Final\resteasy-reactive-jackson-3.0.3.Final.jar;D:\_training_2024_06\.m2\io\quarkus\quarkus-jackson\3.0.3.Final\quarkus-jackson-3.0.3.Final.jar;D:\_training_2024_06\.m2\com\fasterxml\jackson\datatype\jackson-datatype-jsr310\2.14.2\jackson-datatype-jsr310-2.14.2.jar;D:\_training_2024_06\.m2\com\fasterxml\jackson\datatype\jackson-datatype-jdk8\2.14.2\jackson-datatype-jdk8-2.14.2.jar;D:\_training_2024_06\.m2\com\fasterxml\jackson\module\jackson-module-parameter-names\2.14.2\jackson-module-parameter-names-2.14.2.jar;D:\_training_2024_06\.m2\io\quarkus\quarkus-smallrye-openapi\3.0.3.Final\quarkus-smallrye-openapi-3.0.3.Final.jar;D:\_training_2024_06\.m2\io\smallrye\smallrye-open-api-core\3.3.4\smallrye-open-api-core-3.3.4.jar;D:\_training_2024_06\.m2\org\eclipse\microprofile\openapi\microprofile-openapi-api\3.1\microprofile-openapi-api-3.1.jar;D:\_training_2024_06\.m2\org\eclipse\microprofile\config\microprofile-config-api\3.0.3\microprofile-config-api-3.0.3.jar;D:\_training_2024_06\.m2\com\fasterxml\jackson\core\jackson-core\2.14.2\jackson-core-2.14.2.jar;D:\_training_2024_06\.m2\com\fasterxml\jackson\core\jackson-databind\2.14.2\jackson-databind-2.14.2.jar;D:\_training_2024_06\.m2\com\fasterxml\jackson\core\jackson-annotations\2.14.2\jackson-annotations-2.14.2.jar;D:\_training_2024_06\.m2\com\fasterxml\jackson\dataformat\jackson-dataformat-yaml\2.14.2\jackson-dataformat-yaml-2.14.2.jar;D:\_training_2024_06\.m2\org\yaml\snakeyaml\2.0\snakeyaml-2.0.jar;D:\_training_2024_06\.m2\io\smallrye\jandex\3.0.5\jandex-3.0.5.jar;D:\_training_2024_06\.m2\io\quarkus\quarkus-swagger-ui\3.0.3.Final\quarkus-swagger-ui-3.0.3.Final.jar;D:\_training_2024_06\.m2\io\quarkus\quarkus-junit5\3.0.3.Final\quarkus-junit5-3.0.3.Final.jar;D:\_training_2024_06\.m2\io\quarkus\quarkus-bootstrap-core\3.0.3.Final\quarkus-bootstrap-core-3.0.3.Final.jar;D:\_training_2024_06\.m2\io\quarkus\quarkus-bootstrap-app-model\3.0.3.Final\quarkus-bootstrap-app-model-3.0.3.Final.jar;D:\_training_2024_06\.m2\io\smallrye\common\smallrye-common-io\2.1.0\smallrye-common-io-2.1.0.jar;D:\_training_2024_06\.m2\org\eclipse\sisu\org.eclipse.sisu.inject\0.3.5\org.eclipse.sisu.inject-0.3.5.jar;D:\_training_2024_06\.m2\io\quarkus\quarkus-test-common\3.0.3.Final\quarkus-test-common-3.0.3.Final.jar;D:\_training_2024_06\.m2\io\quarkus\quarkus-core-deployment\3.0.3.Final\quarkus-core-deployment-3.0.3.Final.jar;D:\_training_2024_06\.m2\org\aesh\readline\2.4\readline-2.4.jar;D:\_training_2024_06\.m2\org\fusesource\jansi\jansi\2.4.0\jansi-2.4.0.jar;D:\_training_2024_06\.m2\org\aesh\aesh\2.7\aesh-2.7.jar;D:\_training_2024_06\.m2\io\quarkus\gizmo\gizmo\1.6.1.Final\gizmo-1.6.1.Final.jar;D:\_training_2024_06\.m2\org\ow2\asm\asm-util\9.5\asm-util-9.5.jar;D:\_training_2024_06\.m2\org\ow2\asm\asm-analysis\9.5\asm-analysis-9.5.jar;D:\_training_2024_06\.m2\org\ow2\asm\asm\9.5\asm-9.5.jar;D:\_training_2024_06\.m2\org\ow2\asm\asm-commons\9.5\asm-commons-9.5.jar;D:\_training_2024_06\.m2\org\ow2\asm\asm-tree\9.5\asm-tree-9.5.jar;D:\_training_2024_06\.m2\io\quarkus\quarkus-class-change-agent\3.0.3.Final\quarkus-class-change-agent-3.0.3.Final.jar;D:\_training_2024_06\.m2\io\quarkus\quarkus-devtools-utilities\3.0.3.Final\quarkus-devtools-utilities-3.0.3.Final.jar;D:\_training_2024_06\.m2\io\quarkus\quarkus-builder\3.0.3.Final\quarkus-builder-3.0.3.Final.jar;D:\_training_2024_06\.m2\org\junit\platform\junit-platform-launcher\1.9.2\junit-platform-launcher-1.9.2.jar;D:\_training_2024_06\.m2\io\quarkus\quarkus-bootstrap-maven-resolver\3.0.3.Final\quarkus-bootstrap-maven-resolver-3.0.3.Final.jar;D:\_training_2024_06\.m2\io\smallrye\beanbag\smallrye-beanbag-maven\1.1.0\smallrye-beanbag-maven-1.1.0.jar;D:\_training_2024_06\.m2\io\smallrye\beanbag\smallrye-beanbag-sisu\1.1.0\smallrye-beanbag-sisu-1.1.0.jar;D:\_training_2024_06\.m2\io\smallrye\beanbag\smallrye-beanbag\1.1.0\smallrye-beanbag-1.1.0.jar;D:\_training_2024_06\.m2\javax\inject\javax.inject\1\javax.inject-1.jar;D:\_training_2024_06\.m2\org\apache\maven\maven-artifact\3.9.1\maven-artifact-3.9.1.jar;D:\_training_2024_06\.m2\org\apache\maven\maven-builder-support\3.9.1\maven-builder-support-3.9.1.jar;D:\_training_2024_06\.m2\org\apache\maven\maven-model\3.9.1\maven-model-3.9.1.jar;D:\_training_2024_06\.m2\org\apache\maven\maven-model-builder\3.9.1\maven-model-builder-3.9.1.jar;D:\_training_2024_06\.m2\org\apache\maven\maven-repository-metadata\3.9.1\maven-repository-metadata-3.9.1.jar;D:\_training_2024_06\.m2\org\apache\maven\maven-settings\3.9.1\maven-settings-3.9.1.jar;D:\_training_2024_06\.m2\org\apache\maven\resolver\maven-resolver-api\1.9.7\maven-resolver-api-1.9.7.jar;D:\_training_2024_06\.m2\org\apache\maven\resolver\maven-resolver-impl\1.9.7\maven-resolver-impl-1.9.7.jar;D:\_training_2024_06\.m2\org\apache\maven\resolver\maven-resolver-named-locks\1.9.7\maven-resolver-named-locks-1.9.7.jar;D:\_training_2024_06\.m2\org\apache\maven\resolver\maven-resolver-spi\1.9.7\maven-resolver-spi-1.9.7.jar;D:\_training_2024_06\.m2\org\apache\maven\resolver\maven-resolver-util\1.9.7\maven-resolver-util-1.9.7.jar;D:\_training_2024_06\.m2\org\apache\maven\wagon\wagon-provider-api\3.5.3\wagon-provider-api-3.5.3.jar;D:\_training_2024_06\.m2\org\apache\maven\wagon\wagon-http-lightweight\3.5.3\wagon-http-lightweight-3.5.3.jar;D:\_training_2024_06\.m2\org\apache\maven\wagon\wagon-http-shared\3.5.3\wagon-http-shared-3.5.3.jar;D:\_training_2024_06\.m2\org\codehaus\plexus\plexus-interpolation\1.26\plexus-interpolation-1.26.jar;D:\_training_2024_06\.m2\org\codehaus\plexus\plexus-utils\3.5.1\plexus-utils-3.5.1.jar;D:\_training_2024_06\.m2\org\sonatype\plexus\plexus-cipher\1.7\plexus-cipher-1.7.jar;D:\_training_2024_06\.m2\org\sonatype\plexus\plexus-sec-dispatcher\1.4\plexus-sec-dispatcher-1.4.jar;D:\_training_2024_06\.m2\org\apache\maven\maven-embedder\3.9.1\maven-embedder-3.9.1.jar;D:\_training_2024_06\.m2\org\apache\maven\maven-core\3.9.1\maven-core-3.9.1.jar;D:\_training_2024_06\.m2\org\codehaus\plexus\plexus-component-annotations\2.1.0\plexus-component-annotations-2.1.0.jar;D:\_training_2024_06\.m2\org\apache\maven\maven-plugin-api\3.9.1\maven-plugin-api-3.9.1.jar;D:\_training_2024_06\.m2\org\apache\maven\shared\maven-shared-utils\3.3.4\maven-shared-utils-3.3.4.jar;D:\_training_2024_06\.m2\com\google\inject\guice\5.1.0\guice-5.1.0.jar;D:\_training_2024_06\.m2\aopalliance\aopalliance\1.0\aopalliance-1.0.jar;D:\_training_2024_06\.m2\com\google\guava\guava\31.1-jre\guava-31.1-jre.jar;D:\_training_2024_06\.m2\com\google\guava\failureaccess\1.0.1\failureaccess-1.0.1.jar;D:\_training_2024_06\.m2\javax\annotation\javax.annotation-api\1.3.2\javax.annotation-api-1.3.2.jar;D:\_training_2024_06\.m2\org\codehaus\plexus\plexus-classworlds\2.6.0\plexus-classworlds-2.6.0.jar;D:\_training_2024_06\.m2\org\codehaus\plexus\plexus-sec-dispatcher\2.0\plexus-sec-dispatcher-2.0.jar;D:\_training_2024_06\.m2\org\codehaus\plexus\plexus-cipher\2.0\plexus-cipher-2.0.jar;D:\_training_2024_06\.m2\commons-cli\commons-cli\1.4\commons-cli-1.4.jar;D:\_training_2024_06\.m2\org\eclipse\sisu\org.eclipse.sisu.plexus\0.3.5\org.eclipse.sisu.plexus-0.3.5.jar;D:\_training_2024_06\.m2\org\apache\maven\maven-settings-builder\3.9.1\maven-settings-builder-3.9.1.jar;D:\_training_2024_06\.m2\org\apache\maven\maven-resolver-provider\3.9.1\maven-resolver-provider-3.9.1.jar;D:\_training_2024_06\.m2\org\apache\maven\resolver\maven-resolver-connector-basic\1.9.7\maven-resolver-connector-basic-1.9.7.jar;D:\_training_2024_06\.m2\org\apache\maven\resolver\maven-resolver-transport-wagon\1.9.7\maven-resolver-transport-wagon-1.9.7.jar;D:\_training_2024_06\.m2\org\apache\maven\wagon\wagon-http\3.5.3\wagon-http-3.5.3.jar;D:\_training_2024_06\.m2\org\apache\maven\wagon\wagon-file\3.5.3\wagon-file-3.5.3.jar;D:\_training_2024_06\.m2\io\quarkus\quarkus-bootstrap-gradle-resolver\3.0.3.Final\quarkus-bootstrap-gradle-resolver-3.0.3.Final.jar;D:\_training_2024_06\.m2\commons-io\commons-io\2.11.0\commons-io-2.11.0.jar;D:\_training_2024_06\.m2\io\quarkus\quarkus-junit5-properties\3.0.3.Final\quarkus-junit5-properties-3.0.3.Final.jar;D:\_training_2024_06\.m2\org\junit\jupiter\junit-jupiter\5.9.2\junit-jupiter-5.9.2.jar;D:\_training_2024_06\.m2\org\junit\jupiter\junit-jupiter-api\5.9.2\junit-jupiter-api-5.9.2.jar;D:\_training_2024_06\.m2\org\opentest4j\opentest4j\1.2.0\opentest4j-1.2.0.jar;D:\_training_2024_06\.m2\org\junit\platform\junit-platform-commons\1.9.2\junit-platform-commons-1.9.2.jar;D:\_training_2024_06\.m2\org\apiguardian\apiguardian-api\1.1.2\apiguardian-api-1.1.2.jar;D:\_training_2024_06\.m2\org\junit\jupiter\junit-jupiter-params\5.9.2\junit-jupiter-params-5.9.2.jar;D:\_training_2024_06\.m2\org\junit\jupiter\junit-jupiter-engine\5.9.2\junit-jupiter-engine-5.9.2.jar;D:\_training_2024_06\.m2\org\junit\platform\junit-platform-engine\1.9.2\junit-platform-engine-1.9.2.jar;D:\_training_2024_06\.m2\com\thoughtworks\xstream\xstream\1.4.20\xstream-1.4.20.jar;D:\_training_2024_06\.m2\io\github\x-stream\mxparser\1.2.2\mxparser-1.2.2.jar;D:\_training_2024_06\.m2\xmlpull\xmlpull\1.1.3.1\xmlpull-1.1.3.1.jar;D:\_training_2024_06\.m2\io\rest-assured\rest-assured\5.3.0\rest-assured-5.3.0.jar;D:\_training_2024_06\.m2\org\apache\groovy\groovy\4.0.6\groovy-4.0.6.jar;D:\_training_2024_06\.m2\org\apache\groovy\groovy-xml\4.0.6\groovy-xml-4.0.6.jar;D:\_training_2024_06\.m2\org\apache\httpcomponents\httpclient\4.5.14\httpclient-4.5.14.jar;D:\_training_2024_06\.m2\org\apache\httpcomponents\httpcore\4.4.16\httpcore-4.4.16.jar;D:\_training_2024_06\.m2\commons-codec\commons-codec\1.15\commons-codec-1.15.jar;D:\_training_2024_06\.m2\org\apache\httpcomponents\httpmime\4.5.14\httpmime-4.5.14.jar;D:\_training_2024_06\.m2\org\hamcrest\hamcrest\2.1\hamcrest-2.1.jar;D:\_training_2024_06\.m2\org\ccil\cowan\tagsoup\tagsoup\1.2.1\tagsoup-1.2.1.jar;D:\_training_2024_06\.m2\io\rest-assured\json-path\5.3.0\json-path-5.3.0.jar;D:\_training_2024_06\.m2\org\apache\groovy\groovy-json\4.0.6\groovy-json-4.0.6.jar;D:\_training_2024_06\.m2\io\rest-assured\rest-assured-common\5.3.0\rest-assured-common-5.3.0.jar;D:\_training_2024_06\.m2\io\rest-assured\xml-path\5.3.0\xml-path-5.3.0.jar;D:\_training_2024_06\.m2\org\apache\commons\commons-lang3\3.12.0\commons-lang3-3.12.0.jar;"/>
    <property name="sun.cpu.endian" value="little"/>
    <property name="vertx.disableWebsockets" value="true"/>
    <property name="user.home" value="C:\Users\cgssc"/>
    <property name="user.language" value="de"/>
    <property name="jboss.log-version" value="false"/>
    <property name="java.specification.vendor" value="Oracle Corporation"/>
    <property name="io.netty.allocator.maxOrder" value="3"/>
    <property name="java.version.date" value="2019-01-15"/>
    <property name="java.home" value="C:\java\open_jdk-11.0.2"/>
    <property name="file.separator" value="\"/>
    <property name="basedir" value="D:\_training_2024_06\git\train_maven_24_06_part2_trainer\maven-training-restapi"/>
    <property name="java.vm.compressedOopsMode" value="Zero based"/>
    <property name="line.separator" value="&#10;"/>
    <property name="java.specification.name" value="Java Platform API Specification"/>
    <property name="java.vm.specification.vendor" value="Oracle Corporation"/>
    <property name="java.awt.graphicsenv" value="sun.awt.Win32GraphicsEnvironment"/>
    <property name="surefire.real.class.path" value="C:\Users\cgssc\AppData\Local\Temp\surefire15168196270396675619\surefirebooter-20240623221154509_3.jar"/>
    <property name="user.script" value=""/>
    <property name="sun.management.compiler" value="HotSpot 64-Bit Tiered Compilers"/>
    <property name="java.runtime.version" value="11.0.2+9"/>
    <property name="user.name" value="cgssc"/>
    <property name="path.separator" value=";"/>
    <property name="os.version" value="10.0"/>
    <property name="java.runtime.name" value="OpenJDK Runtime Environment"/>
    <property name="file.encoding" value="Cp1252"/>
    <property name="java.vm.name" value="OpenJDK 64-Bit Server VM"/>
    <property name="java.vendor.version" value="18.9"/>
    <property name="localRepository" value="D:\_training_2024_06\.m2"/>
    <property name="java.vendor.url.bug" value="http://bugreport.java.com/bugreport/"/>
    <property name="java.io.tmpdir" value="C:\Users\cgssc\AppData\Local\Temp\"/>
    <property name="quarkus.log.file.path" value="target\quarkus.log"/>
    <property name="idea.version" value="2023.3.6"/>
    <property name="java.version" value="11.0.2"/>
    <property name="java.util.concurrent.ForkJoinPool.common.threadFactory" value="io.quarkus.bootstrap.forkjoin.QuarkusForkJoinWorkerThreadFactory"/>
    <property name="user.dir" value="D:\_training_2024_06\git\train_maven_24_06_part2_trainer\maven-training-restapi"/>
    <property name="os.arch" value="amd64"/>
    <property name="java.vm.specification.name" value="Java Virtual Machine Specification"/>
    <property name="vertx.disableDnsResolver" value="true"/>
    <property name="java.awt.printerjob" value="sun.awt.windows.WPrinterJob"/>
    <property name="sun.os.patch.level" value=""/>
    <property name="java.util.logging.manager" value="org.jboss.logmanager.LogManager"/>
    <property name="java.library.path" value="C:\java\open_jdk-11.0.2\bin;C:\WINDOWS\Sun\Java\bin;C:\WINDOWS\system32;C:\WINDOWS;C:\Python312\Scripts\;C:\Python312\;C:\Program Files (x86)\Common Files\Oracle\Java\javapath;C:\WINDOWS\system32;C:\WINDOWS;C:\WINDOWS\System32\Wbem;C:\WINDOWS\System32\WindowsPowerShell\v1.0\;C:\WINDOWS\System32\OpenSSH\;D:\_training_2024_06\apache-maven-3.9.8\bin;C:\java\open_jdk-11.0.2\bin;C:\Program Files (x86)\NVIDIA Corporation\PhysX\Common;C:\Program Files\Git\cmd;C:\Program Files\PuTTY\;C:\Program Files\dotnet\;C:\WINDOWS\system32;C:\WINDOWS;C:\WINDOWS\System32\Wbem;C:\WINDOWS\System32\WindowsPowerShell\v1.0\;C:\WINDOWS\System32\OpenSSH\;C:\Program Files\Docker\Docker\resources\bin;C:\Program Files\nodejs\;C:\ProgramData\chocolatey\bin;C:\Users\cgssc\AppData\Local\Microsoft\WindowsApps;C:\Program Files\JetBrains\IntelliJ IDEA 2021.3\bin;;C:\Users\cgssc\AppData\Local\Programs\MiKTeX\miktex\bin\x64\;C:\Users\cgssc\AppData\Roaming\npm;."/>
    <property name="java.vendor" value="Oracle Corporation"/>
    <property name="java.vm.info" value="mixed mode"/>
    <property name="vertx.disableTCCL" value="true"/>
    <property name="java.vm.version" value="11.0.2+9"/>
    <property name="sun.io.unicode.encoding" value="UnicodeLittle"/>
    <property name="maven.repo.local" value="D:\_training_2024_06\.m2"/>
    <property name="io.netty.machineId" value="a9:d9:1f:f2:d7:2e:71:6d"/>
    <property name="java.class.version" value="55.0"/>
    <property name="mp.openapi.extensions.smallrye.defaultConsumes" value="application/json"/>
  </properties>
  <testcase name="testHelloEndpoint" classname="at.cgsit.jeemicro.resource.ExampleResourceTest" time="2.353">
    <system-out><![CDATA[CGSIT: 22:12:05 WARN  [io.qu.config] (main) Unrecognized configuration key "quarkus.hibernate-orm.log.bind-parameters" was provided; it will be ignored; verify that the dependency extension for this configuration is set or that you did not make a typo
 CGSIT: 22:12:05 WARN  [io.qu.config] (main) Unrecognized configuration key "quarkus.hibernate-orm.log.sql" was provided; it will be ignored; verify that the dependency extension for this configuration is set or that you did not make a typo
 CGSIT: 22:12:08 INFO  [io.quarkus] (main) maven-training-restapi 1.0-SNAPSHOT on JVM (powered by Quarkus 3.0.3.Final) started in 5.769s. Listening on: http://localhost:8081
 CGSIT: 22:12:08 INFO  [io.quarkus] (main) Profile test activated. 
 CGSIT: 22:12:08 INFO  [io.quarkus] (main) Installed features: [cdi, resteasy-reactive, resteasy-reactive-jackson, smallrye-context-propagation, smallrye-openapi, swagger-ui, vertx]
 CGSIT: 22:12:10 INFO  [at.cg.je.ExampleResource] (executor-thread-1) hello: 1
 ]]></system-out>
  </testcase>
</testsuite>